<?xml version="1.0" encoding="UTF-8"?>
<!-- Generated by org.testng.reporters.JUnitXMLReporter -->
<testsuite ignored="3" hostname="Rohits-MacBook-Air.local" failures="1" tests="1" name="Default test" time="2.567" errors="0" timestamp="2022-09-20T17:22:53 IST">
  <testcase classname="Testclasses.API_tets" name="WWW_Inmemory" time="2.514">
    <failure type="java.text.ParseException" message="Unparseable date: &amp;quot;&amp;quot;utz1FDTsAacqx9LL&amp;quot;}&amp;quot;">
      <![CDATA[java.text.ParseException: Unparseable date: ""utz1FDTsAacqx9LL"}"
at java.base/java.text.DateFormat.parse(DateFormat.java:396)
at Postman_Api_Request.API_Parameter_request.Calculate_Difference(API_Parameter_request.java:160)
at Testclasses.API_tets.WWW_Inmemory(API_tets.java:98)
at java.base/jdk.internal.reflect.NativeMethodAccessorImpl.invoke0(Native Method)
at java.base/jdk.internal.reflect.NativeMethodAccessorImpl.invoke(NativeMethodAccessorImpl.java:64)
at java.base/jdk.internal.reflect.DelegatingMethodAccessorImpl.invoke(DelegatingMethodAccessorImpl.java:43)
at java.base/java.lang.reflect.Method.invoke(Method.java:564)
at org.testng.internal.MethodInvocationHelper.invokeMethod(MethodInvocationHelper.java:133)
at org.testng.internal.TestInvoker.invokeMethod(TestInvoker.java:598)
at org.testng.internal.TestInvoker.invokeTestMethod(TestInvoker.java:173)
at org.testng.internal.MethodRunner.runInSequence(MethodRunner.java:46)
at org.testng.internal.TestInvoker$MethodInvocationAgent.invoke(TestInvoker.java:824)
at org.testng.internal.TestInvoker.invokeTestMethods(TestInvoker.java:146)
at org.testng.internal.TestMethodWorker.invokeTestMethods(TestMethodWorker.java:146)
at org.testng.internal.TestMethodWorker.run(TestMethodWorker.java:128)
at java.base/java.util.ArrayList.forEach(ArrayList.java:1511)
at org.testng.TestRunner.privateRun(TestRunner.java:794)
at org.testng.TestRunner.run(TestRunner.java:596)
at org.testng.SuiteRunner.runTest(SuiteRunner.java:377)
at org.testng.SuiteRunner.runSequentially(SuiteRunner.java:371)
at org.testng.SuiteRunner.privateRun(SuiteRunner.java:332)
at org.testng.SuiteRunner.run(SuiteRunner.java:276)
at org.testng.SuiteRunnerWorker.runSuite(SuiteRunnerWorker.java:53)
at org.testng.SuiteRunnerWorker.run(SuiteRunnerWorker.java:96)
at org.testng.TestNG.runSuitesSequentially(TestNG.java:1212)
at org.testng.TestNG.runSuitesLocally(TestNG.java:1134)
at org.testng.TestNG.runSuites(TestNG.java:1063)
at org.testng.TestNG.run(TestNG.java:1031)
at org.testng.remote.AbstractRemoteTestNG.run(AbstractRemoteTestNG.java:115)
at org.testng.remote.RemoteTestNG.initAndRun(RemoteTestNG.java:251)
at org.testng.remote.RemoteTestNG.main(RemoteTestNG.java:77)
]]>
    </failure>
  </testcase> <!-- WWW_Inmemory -->
  <testcase classname="Testclasses.API_tets" name="E2E_DB" time="0.0">
    <ignored/>
  </testcase> <!-- E2E_DB -->
  <testcase classname="Testclasses.API_tets" name="E2E_Inmemory" time="0.0">
    <ignored/>
  </testcase> <!-- E2E_Inmemory -->
  <testcase classname="Testclasses.API_tets" name="WWW_DB" time="0.0">
    <ignored/>
  </testcase> <!-- WWW_DB -->
</testsuite> <!-- Default test -->
